<?xml version="1.0" encoding="UTF-8"?>
<!-- Generated by org.testng.reporters.JUnitReportReporter -->
<testsuite hostname="DESKTOP-10OOLCR" failures="0" tests="3" name="practiceTestng.SampleReportTest" time="20.485" errors="0" timestamp="2024-06-04T17:38:50 IST" skipped="0">
  <testcase classname="practiceTestng.SampleReportTest" name="createContactWithPhoneNum" time="4.247"/>
  <system-out/>
  <testcase classname="practiceTestng.SampleReportTest" name="createContact" time="10.547"/>
  <system-out/>
  <testcase classname="practiceTestng.SampleReportTest" name="createWithOrg" time="5.691"/>
  <system-out/>
</testsuite> <!-- practiceTestng.SampleReportTest -->
