<?xml version="1.0" encoding="UTF-8"?>
<!-- Generated by org.testng.reporters.JUnitReportReporter -->
<testsuite hostname="DESKTOP-10OOLCR" failures="0" tests="2" name="com.pack1.CreateContactTest" time="0.012" errors="0" timestamp="2024-05-29T15:37:42 IST" skipped="0">
  <testcase classname="com.pack1.CreateContactTest" name="createContact1" time="0.005"/>
  <system-out/>
  <testcase classname="com.pack1.CreateContactTest" name="createContact" time="0.007"/>
  <system-out/>
</testsuite> <!-- com.pack1.CreateContactTest -->
