<?xml version="1.0" encoding="UTF-8"?>
<!-- Generated by org.testng.reporters.JUnitReportReporter -->
<testsuite hostname="DESKTOP-10OOLCR" failures="0" tests="3" name="practiceTestng.CreateContactwithPhoneNoTest" time="0.013" errors="0" timestamp="2024-05-29T10:49:07 IST" skipped="0">
  <testcase classname="practiceTestng.CreateContactwithPhoneNoTest" name="getData" time="0.004"/>
  <system-out/>
  <testcase classname="practiceTestng.CreateContactwithPhoneNoTest" name="getData" time="0.003"/>
  <system-out/>
  <testcase classname="practiceTestng.CreateContactwithPhoneNoTest" name="getData" time="0.006"/>
  <system-out/>
</testsuite> <!-- practiceTestng.CreateContactwithPhoneNoTest -->
