<?xml version="1.0" encoding="UTF-8"?>
<!-- Generated by org.testng.reporters.JUnitReportReporter -->
<testsuite hostname="DESKTOP-10OOLCR" failures="0" tests="2" name="practiceTestng.SampleTest" time="0.014" errors="0" timestamp="2024-05-28T16:46:21 IST" skipped="0">
  <testcase classname="practiceTestng.SampleTest" name="test2" time="0.004"/>
  <system-out/>
  <testcase classname="practiceTestng.SampleTest" name="test1" time="0.010"/>
  <system-out/>
</testsuite> <!-- practiceTestng.SampleTest -->
