<?xml version="1.0" encoding="UTF-8"?>
<!-- Generated by org.testng.reporters.JUnitReportReporter -->
<testsuite hostname="DESKTOP-10OOLCR" failures="0" tests="2" name="com.crm.comcast.contactTest.CreateContactTest" time="0.016" errors="0" timestamp="2024-05-31T12:04:06 IST" skipped="0">
  <testcase classname="com.crm.comcast.contactTest.CreateContactTest" name="createContact1" time="0.006"/>
  <system-out/>
  <testcase classname="com.crm.comcast.contactTest.CreateContactTest" name="createContact" time="0.010"/>
  <system-out/>
</testsuite> <!-- com.crm.comcast.contactTest.CreateContactTest -->
