<?xml version="1.0" encoding="UTF-8"?>
<!-- Generated by org.testng.reporters.JUnitReportReporter -->
<testsuite hostname="DESKTOP-10OOLCR" failures="0" tests="1" name="practiceTestng.SampleTestForScreenshot" time="8.760" errors="0" timestamp="2024-06-03T14:55:25 IST" skipped="0">
  <testcase classname="practiceTestng.SampleTestForScreenshot" name="amazonTest" time="8.760"/>
  <system-out/>
</testsuite> <!-- practiceTestng.SampleTestForScreenshot -->
