<?xml version="1.0" encoding="UTF-8"?>
<!-- Generated by org.testng.reporters.JUnitReportReporter -->
<testsuite hostname="DESKTOP-10OOLCR" failures="0" tests="2" name="com.crm.comcast.orgTest.CreateOrgTest" time="0.022" errors="0" timestamp="2024-05-31T12:04:06 IST" skipped="0">
  <testcase classname="com.crm.comcast.orgTest.CreateOrgTest" name="createOrgWithIndustry" time="0.014"/>
  <system-out/>
  <testcase classname="com.crm.comcast.orgTest.CreateOrgTest" name="createorgTest" time="0.008"/>
  <system-out/>
</testsuite> <!-- com.crm.comcast.orgTest.CreateOrgTest -->
