<?xml version="1.0" encoding="UTF-8"?>
<!-- Generated by org.testng.reporters.JUnitReportReporter -->
<testsuite hostname="DESKTOP-10OOLCR" failures="0" tests="3" name="practiceTestng.CreateContactTestUsingDP" time="0.013" errors="0" timestamp="2024-05-29T10:41:14 IST" skipped="0">
  <testcase classname="practiceTestng.CreateContactTestUsingDP" name="createContactTest" time="0.002"/>
  <system-out/>
  <testcase classname="practiceTestng.CreateContactTestUsingDP" name="createContactTest" time="0.005"/>
  <system-out/>
  <testcase classname="practiceTestng.CreateContactTestUsingDP" name="createContactTest" time="0.006"/>
  <system-out/>
</testsuite> <!-- practiceTestng.CreateContactTestUsingDP -->
