<?xml version="1.0" encoding="UTF-8"?>
<!-- Generated by org.testng.reporters.JUnitReportReporter -->
<testsuite hostname="DESKTOP-10OOLCR" failures="0" tests="3" name="practiceTestng.ContactTest" time="0.014" errors="0" timestamp="2024-05-28T17:17:39 IST" skipped="0">
  <testcase classname="practiceTestng.ContactTest" name="createContact" time="0.009"/>
  <system-out/>
  <testcase classname="practiceTestng.ContactTest" name="modifyContact" time="0.003"/>
  <system-out/>
  <testcase classname="practiceTestng.ContactTest" name="deleteContact" time="0.002"/>
  <system-out/>
</testsuite> <!-- practiceTestng.ContactTest -->
