<?xml version="1.0" encoding="UTF-8"?>
<!-- Generated by org.testng.reporters.JUnitReportReporter -->
<testsuite hostname="DESKTOP-10OOLCR" failures="0" tests="2" name="package2.OrgTest" time="0.006" errors="0" timestamp="2024-06-12T15:18:04 IST" skipped="0">
  <testcase classname="package2.OrgTest" name="createorgTest" time="0.005"/>
  <testcase classname="package2.OrgTest" name="modifyorgTest" time="0.001"/>
</testsuite> <!-- package2.OrgTest -->
