<?xml version="1.0" encoding="UTF-8"?>
<!-- Generated by org.testng.reporters.JUnitReportReporter -->
<testsuite hostname="DESKTOP-10OOLCR" failures="0" tests="2" name="package1.ContactTest" time="0.002" errors="0" timestamp="2024-06-12T15:18:04 IST" skipped="0">
  <testcase classname="package1.ContactTest" name="createContactTest" time="0.001"/>
  <testcase classname="package1.ContactTest" name="modifyContactTest" time="0.001"/>
</testsuite> <!-- package1.ContactTest -->
