<?xml version="1.0" encoding="UTF-8"?>
<!-- Generated by org.testng.reporters.JUnitXMLReporter -->
<testsuite ignored="0" hostname="DESKTOP-10OOLCR" failures="0" tests="1" name="Test-1" time="20.249" errors="0" timestamp="2024-06-01T14:08:07 IST">
  <testcase classname="com.comcast.crm.OrgTest.CreOrgTest" name="createOrgTest" time="10.868"/>
</testsuite> <!-- Test-1 -->
